<?xml version="1.0" encoding="UTF-8"?>
<!-- Generated by org.testng.reporters.JUnitReportReporter -->
<testsuite hostname="DESKTOP-L8BD2G4" failures="0" tests="1" name="testCases.TC002_LoginTest" time="3.561" errors="0" timestamp="2025-01-12T17:02:53 CST" skipped="0">
  <testcase classname="testCases.TC002_LoginTest" name="Verify_Login" time="3.561"/>
  <system-out/>
</testsuite> <!-- testCases.TC002_LoginTest -->
