<?xml version="1.0" encoding="UTF-8"?>
<!-- Generated by org.testng.reporters.JUnitReportReporter -->
<testsuite hostname="DESKTOP-L8BD2G4" failures="0" tests="1" name="testCases.TC005_OrderItem" time="21.645" errors="0" timestamp="2025-01-16T00:35:52 CST" skipped="0">
  <testcase classname="testCases.TC005_OrderItem" name="OrderItem" time="21.645"/>
  <system-out/>
</testsuite> <!-- testCases.TC005_OrderItem -->
