<?xml version="1.0" encoding="UTF-8"?>
<!-- Generated by org.testng.reporters.JUnitReportReporter -->
<testsuite hostname="DESKTOP-L8BD2G4" failures="0" tests="1" name="testCases.TC001_AccountRegistrationTest" time="6.496" errors="0" timestamp="2025-01-12T17:02:53 CST" skipped="0">
  <testcase classname="testCases.TC001_AccountRegistrationTest" name="Verify_Registration" time="6.496"/>
  <system-out/>
</testsuite> <!-- testCases.TC001_AccountRegistrationTest -->
