<?xml version="1.0" encoding="UTF-8"?>
<!-- Generated by org.testng.reporters.JUnitReportReporter -->
<testsuite hostname="DESKTOP-L8BD2G4" failures="0" tests="4" name="testCases.TC003_LoginTest_DDT" time="36.511" errors="0" timestamp="2024-12-16T08:50:15 CST" skipped="0">
  <testcase classname="testCases.TC003_LoginTest_DDT" name="Verify_Login_DDT" time="2.215"/>
  <system-out/>
  <testcase classname="testCases.TC003_LoginTest_DDT" name="Verify_Login_DDT" time="11.541"/>
  <system-out/>
  <testcase classname="testCases.TC003_LoginTest_DDT" name="Verify_Login_DDT" time="11.455"/>
  <system-out/>
  <testcase classname="testCases.TC003_LoginTest_DDT" name="Verify_Login_DDT" time="11.300"/>
  <system-out/>
</testsuite> <!-- testCases.TC003_LoginTest_DDT -->
