<?xml version="1.0" encoding="UTF-8"?>
<!-- Generated by org.testng.reporters.JUnitReportReporter -->
<testsuite hostname="DESKTOP-L8BD2G4" failures="0" tests="1" name="testCases.TC001_Login" time="0.600" errors="0" timestamp="2024-12-15T02:39:22 CST" skipped="0">
  <testcase classname="testCases.TC001_Login" name="Verify_Login" time="0.600"/>
  <system-out/>
</testsuite> <!-- testCases.TC001_Login -->
