<?xml version="1.0" encoding="UTF-8"?>
<!-- Generated by org.testng.reporters.JUnitReportReporter -->
<testsuite hostname="DESKTOP-L8BD2G4" failures="0" tests="1" name="testCases.TC002_LoginTest" time="2.857" errors="0" timestamp="2025-01-15T02:13:16 CST" skipped="0">
  <testcase classname="testCases.TC002_LoginTest" name="Verify_Login" time="2.857"/>
  <system-out/>
</testsuite> <!-- testCases.TC002_LoginTest -->
